[2023-03-16T20:49:58.295Z] Error: Theme directory was not found for: @cromwell/theme-store
[2023-03-16T20:50:02.236Z] Error: Error: Could not find a production build in the 'C:\Users\illia\Desktop\GeekHub Tour-Project\tour-project-frontend\.cromwell\renderer\.next' directory. Try building your app with 'next build' before starting the production server. https://nextjs.org/docs/messages/production-start-no-build-id
[2023-03-16T20:50:02.241Z] Error: RendererManager:: failed to start Renderer
[2023-03-16T20:50:10.799Z] Error: INTERNAL SERVER ERROR. Proxy: Renderer service is down Error: connect ECONNREFUSED ::1:4128
[2023-03-16T20:50:11.565Z] Error: INTERNAL SERVER ERROR. Proxy: Renderer service is down Error: connect ECONNREFUSED ::1:4128
[2023-03-16T20:50:27.408Z] Error: Current theme @cromwell/theme-store was not registered in DB
[2023-03-16T20:50:27.669Z] Error: Current theme @cromwell/theme-store was not registered in DB
[2023-03-16T20:54:28.723Z] Error: Server: error on launch: Error: connect ECONNREFUSED ::1:3000
    at TCPConnectWrap.afterConnect [as oncomplete] (node:net:1494:16)
    --------------------
    at Protocol._enqueue (C:\Users\illia\Desktop\GeekHub Tour-Project\tour-project-frontend\node_modules\mysql\lib\protocol\Protocol.js:144:48)
    at Protocol.handshake (C:\Users\illia\Desktop\GeekHub Tour-Project\tour-project-frontend\node_modules\mysql\lib\protocol\Protocol.js:51:23)
    at PoolConnection.connect (C:\Users\illia\Desktop\GeekHub Tour-Project\tour-project-frontend\node_modules\mysql\lib\Connection.js:116:18)
    at Pool.getConnection (C:\Users\illia\Desktop\GeekHub Tour-Project\tour-project-frontend\node_modules\mysql\lib\Pool.js:48:16)
    at C:\Users\illia\Desktop\GeekHub Tour-Project\tour-project-frontend\node_modules\typeorm\driver\mysql\MysqlDriver.js:841:18
    at new Promise (<anonymous>)
    at MysqlDriver.createPool (C:\Users\illia\Desktop\GeekHub Tour-Project\tour-project-frontend\node_modules\typeorm\driver\mysql\MysqlDriver.js:838:16)
    at MysqlDriver.<anonymous> (C:\Users\illia\Desktop\GeekHub Tour-Project\tour-project-frontend\node_modules\typeorm\driver\mysql\MysqlDriver.js:284:51)
    at step (C:\Users\illia\Desktop\GeekHub Tour-Project\tour-project-frontend\node_modules\tslib\tslib.js:193:27)
    at Object.next (C:\Users\illia\Desktop\GeekHub Tour-Project\tour-project-frontend\node_modules\tslib\tslib.js:174:57)
    at C:\Users\illia\Desktop\GeekHub Tour-Project\tour-project-frontend\node_modules\tslib\tslib.js:167:75
    at new Promise (<anonymous>)
    at Object.__awaiter (C:\Users\illia\Desktop\GeekHub Tour-Project\tour-project-frontend\node_modules\tslib\tslib.js:163:16)
    at MysqlDriver.connect (C:\Users\illia\Desktop\GeekHub Tour-Project\tour-project-frontend\node_modules\typeorm\driver\mysql\MysqlDriver.js:269:24)
    at Connection.<anonymous> (C:\Users\illia\Desktop\GeekHub Tour-Project\tour-project-frontend\node_modules\typeorm\connection\Connection.js:110:58)
    at step (C:\Users\illia\Desktop\GeekHub Tour-Project\tour-project-frontend\node_modules\tslib\tslib.js:193:27)
[2023-03-16T20:54:28.728Z] Error: Failed to start Server
[2023-03-16T20:54:28.729Z] Error: Proxy manager could not launch API server Error: Proxy manager: Failed to start API server
[2023-03-16T20:54:47.131Z] Error: Error: INTERNAL SERVER ERROR. Proxy: Server is down
[2023-03-16T20:54:49.410Z] Error: Theme directory was not found for: @cromwell/theme-store
[2023-03-16T20:54:51.211Z] Error: Error: Could not find a production build in the 'C:\Users\illia\Desktop\GeekHub Tour-Project\tour-project-frontend\.cromwell\renderer\.next' directory. Try building your app with 'next build' before starting the production server. https://nextjs.org/docs/messages/production-start-no-build-id
[2023-03-16T20:54:51.211Z] Error: RendererManager:: failed to start Renderer
[2023-03-16T20:55:28.748Z] Error: Proxy manager watcher: API Server is not alive. Restarting...
[2023-03-16T20:55:32.938Z] Error: Server: error on launch: Error: connect ECONNREFUSED ::1:3000
    at TCPConnectWrap.afterConnect [as oncomplete] (node:net:1494:16)
    --------------------
    at Protocol._enqueue (C:\Users\illia\Desktop\GeekHub Tour-Project\tour-project-frontend\node_modules\mysql\lib\protocol\Protocol.js:144:48)
    at Protocol.handshake (C:\Users\illia\Desktop\GeekHub Tour-Project\tour-project-frontend\node_modules\mysql\lib\protocol\Protocol.js:51:23)
    at PoolConnection.connect (C:\Users\illia\Desktop\GeekHub Tour-Project\tour-project-frontend\node_modules\mysql\lib\Connection.js:116:18)
    at Pool.getConnection (C:\Users\illia\Desktop\GeekHub Tour-Project\tour-project-frontend\node_modules\mysql\lib\Pool.js:48:16)
    at C:\Users\illia\Desktop\GeekHub Tour-Project\tour-project-frontend\node_modules\typeorm\driver\mysql\MysqlDriver.js:841:18
    at new Promise (<anonymous>)
    at MysqlDriver.createPool (C:\Users\illia\Desktop\GeekHub Tour-Project\tour-project-frontend\node_modules\typeorm\driver\mysql\MysqlDriver.js:838:16)
    at MysqlDriver.<anonymous> (C:\Users\illia\Desktop\GeekHub Tour-Project\tour-project-frontend\node_modules\typeorm\driver\mysql\MysqlDriver.js:284:51)
    at step (C:\Users\illia\Desktop\GeekHub Tour-Project\tour-project-frontend\node_modules\tslib\tslib.js:193:27)
    at Object.next (C:\Users\illia\Desktop\GeekHub Tour-Project\tour-project-frontend\node_modules\tslib\tslib.js:174:57)
    at C:\Users\illia\Desktop\GeekHub Tour-Project\tour-project-frontend\node_modules\tslib\tslib.js:167:75
    at new Promise (<anonymous>)
    at Object.__awaiter (C:\Users\illia\Desktop\GeekHub Tour-Project\tour-project-frontend\node_modules\tslib\tslib.js:163:16)
    at MysqlDriver.connect (C:\Users\illia\Desktop\GeekHub Tour-Project\tour-project-frontend\node_modules\typeorm\driver\mysql\MysqlDriver.js:269:24)
    at Connection.<anonymous> (C:\Users\illia\Desktop\GeekHub Tour-Project\tour-project-frontend\node_modules\typeorm\connection\Connection.js:110:58)
    at step (C:\Users\illia\Desktop\GeekHub Tour-Project\tour-project-frontend\node_modules\tslib\tslib.js:193:27)
[2023-03-16T20:55:32.939Z] Error: Proxy manager: Failed to launch new API server Error: Proxy manager: Failed to start API server
[2023-03-16T20:55:32.941Z] Error: Failed to start Server
[2023-03-16T20:56:33.829Z] Error: Error: Could not connect to the Server. FetchError: request to http://localhost:4016/api/v1/cms/settings failed, reason: connect ECONNREFUSED ::1:4016
[2023-03-16T20:56:37.686Z] Error: Theme directory was not found for: @cromwell/theme-store
[2023-03-16T20:56:38.929Z] Error: Error: Could not find a production build in the 'C:\Users\illia\Desktop\GeekHub Tour-Project\tour-project-frontend\.cromwell\renderer\.next' directory. Try building your app with 'next build' before starting the production server. https://nextjs.org/docs/messages/production-start-no-build-id
[2023-03-16T20:56:38.973Z] Error: RendererManager:: failed to start Renderer
[2023-03-16T20:56:41.024Z] Error: Server: error on launch: Error: connect ECONNREFUSED ::1:3000
    at TCPConnectWrap.afterConnect [as oncomplete] (node:net:1494:16)
    --------------------
    at Protocol._enqueue (C:\Users\illia\Desktop\GeekHub Tour-Project\tour-project-frontend\node_modules\mysql\lib\protocol\Protocol.js:144:48)
    at Protocol.handshake (C:\Users\illia\Desktop\GeekHub Tour-Project\tour-project-frontend\node_modules\mysql\lib\protocol\Protocol.js:51:23)
    at PoolConnection.connect (C:\Users\illia\Desktop\GeekHub Tour-Project\tour-project-frontend\node_modules\mysql\lib\Connection.js:116:18)
    at Pool.getConnection (C:\Users\illia\Desktop\GeekHub Tour-Project\tour-project-frontend\node_modules\mysql\lib\Pool.js:48:16)
    at C:\Users\illia\Desktop\GeekHub Tour-Project\tour-project-frontend\node_modules\typeorm\driver\mysql\MysqlDriver.js:841:18
    at new Promise (<anonymous>)
    at MysqlDriver.createPool (C:\Users\illia\Desktop\GeekHub Tour-Project\tour-project-frontend\node_modules\typeorm\driver\mysql\MysqlDriver.js:838:16)
    at MysqlDriver.<anonymous> (C:\Users\illia\Desktop\GeekHub Tour-Project\tour-project-frontend\node_modules\typeorm\driver\mysql\MysqlDriver.js:284:51)
    at step (C:\Users\illia\Desktop\GeekHub Tour-Project\tour-project-frontend\node_modules\tslib\tslib.js:193:27)
    at Object.next (C:\Users\illia\Desktop\GeekHub Tour-Project\tour-project-frontend\node_modules\tslib\tslib.js:174:57)
    at C:\Users\illia\Desktop\GeekHub Tour-Project\tour-project-frontend\node_modules\tslib\tslib.js:167:75
    at new Promise (<anonymous>)
    at Object.__awaiter (C:\Users\illia\Desktop\GeekHub Tour-Project\tour-project-frontend\node_modules\tslib\tslib.js:163:16)
    at MysqlDriver.connect (C:\Users\illia\Desktop\GeekHub Tour-Project\tour-project-frontend\node_modules\typeorm\driver\mysql\MysqlDriver.js:269:24)
    at Connection.<anonymous> (C:\Users\illia\Desktop\GeekHub Tour-Project\tour-project-frontend\node_modules\typeorm\connection\Connection.js:110:58)
    at step (C:\Users\illia\Desktop\GeekHub Tour-Project\tour-project-frontend\node_modules\tslib\tslib.js:193:27)
[2023-03-16T20:56:41.029Z] Error: Proxy manager could not launch API server Error: Proxy manager: Failed to start API server
[2023-03-16T20:56:41.034Z] Error: Failed to start Server
[2023-03-16T20:57:41.036Z] Error: Proxy manager watcher: API Server is not alive. Restarting...
[2023-03-16T20:57:47.879Z] Error: Server: error on launch: Error: connect ECONNREFUSED ::1:3306
    at TCPConnectWrap.afterConnect [as oncomplete] (node:net:1494:16)
    --------------------
    at Protocol._enqueue (C:\Users\illia\Desktop\GeekHub Tour-Project\tour-project-frontend\node_modules\mysql\lib\protocol\Protocol.js:144:48)
    at Protocol.handshake (C:\Users\illia\Desktop\GeekHub Tour-Project\tour-project-frontend\node_modules\mysql\lib\protocol\Protocol.js:51:23)
    at PoolConnection.connect (C:\Users\illia\Desktop\GeekHub Tour-Project\tour-project-frontend\node_modules\mysql\lib\Connection.js:116:18)
    at Pool.getConnection (C:\Users\illia\Desktop\GeekHub Tour-Project\tour-project-frontend\node_modules\mysql\lib\Pool.js:48:16)
    at C:\Users\illia\Desktop\GeekHub Tour-Project\tour-project-frontend\node_modules\typeorm\driver\mysql\MysqlDriver.js:841:18
    at new Promise (<anonymous>)
    at MysqlDriver.createPool (C:\Users\illia\Desktop\GeekHub Tour-Project\tour-project-frontend\node_modules\typeorm\driver\mysql\MysqlDriver.js:838:16)
    at MysqlDriver.<anonymous> (C:\Users\illia\Desktop\GeekHub Tour-Project\tour-project-frontend\node_modules\typeorm\driver\mysql\MysqlDriver.js:284:51)
    at step (C:\Users\illia\Desktop\GeekHub Tour-Project\tour-project-frontend\node_modules\tslib\tslib.js:193:27)
    at Object.next (C:\Users\illia\Desktop\GeekHub Tour-Project\tour-project-frontend\node_modules\tslib\tslib.js:174:57)
    at C:\Users\illia\Desktop\GeekHub Tour-Project\tour-project-frontend\node_modules\tslib\tslib.js:167:75
    at new Promise (<anonymous>)
    at Object.__awaiter (C:\Users\illia\Desktop\GeekHub Tour-Project\tour-project-frontend\node_modules\tslib\tslib.js:163:16)
    at MysqlDriver.connect (C:\Users\illia\Desktop\GeekHub Tour-Project\tour-project-frontend\node_modules\typeorm\driver\mysql\MysqlDriver.js:269:24)
    at Connection.<anonymous> (C:\Users\illia\Desktop\GeekHub Tour-Project\tour-project-frontend\node_modules\typeorm\connection\Connection.js:110:58)
    at step (C:\Users\illia\Desktop\GeekHub Tour-Project\tour-project-frontend\node_modules\tslib\tslib.js:193:27)
[2023-03-16T20:57:47.881Z] Error: Proxy manager: Failed to launch new API server Error: Proxy manager: Failed to start API server
[2023-03-16T20:57:47.881Z] Error: Failed to start Server
[2023-03-16T20:58:11.366Z] Error: Server: error on launch: Error: connect ECONNREFUSED ::1:3306
    at TCPConnectWrap.afterConnect [as oncomplete] (node:net:1494:16)
    --------------------
    at Protocol._enqueue (C:\Users\illia\Desktop\GeekHub Tour-Project\tour-project-frontend\node_modules\mysql\lib\protocol\Protocol.js:144:48)
    at Protocol.handshake (C:\Users\illia\Desktop\GeekHub Tour-Project\tour-project-frontend\node_modules\mysql\lib\protocol\Protocol.js:51:23)
    at PoolConnection.connect (C:\Users\illia\Desktop\GeekHub Tour-Project\tour-project-frontend\node_modules\mysql\lib\Connection.js:116:18)
    at Pool.getConnection (C:\Users\illia\Desktop\GeekHub Tour-Project\tour-project-frontend\node_modules\mysql\lib\Pool.js:48:16)
    at C:\Users\illia\Desktop\GeekHub Tour-Project\tour-project-frontend\node_modules\typeorm\driver\mysql\MysqlDriver.js:841:18
    at new Promise (<anonymous>)
    at MysqlDriver.createPool (C:\Users\illia\Desktop\GeekHub Tour-Project\tour-project-frontend\node_modules\typeorm\driver\mysql\MysqlDriver.js:838:16)
    at MysqlDriver.<anonymous> (C:\Users\illia\Desktop\GeekHub Tour-Project\tour-project-frontend\node_modules\typeorm\driver\mysql\MysqlDriver.js:284:51)
    at step (C:\Users\illia\Desktop\GeekHub Tour-Project\tour-project-frontend\node_modules\tslib\tslib.js:193:27)
    at Object.next (C:\Users\illia\Desktop\GeekHub Tour-Project\tour-project-frontend\node_modules\tslib\tslib.js:174:57)
    at C:\Users\illia\Desktop\GeekHub Tour-Project\tour-project-frontend\node_modules\tslib\tslib.js:167:75
    at new Promise (<anonymous>)
    at Object.__awaiter (C:\Users\illia\Desktop\GeekHub Tour-Project\tour-project-frontend\node_modules\tslib\tslib.js:163:16)
    at MysqlDriver.connect (C:\Users\illia\Desktop\GeekHub Tour-Project\tour-project-frontend\node_modules\typeorm\driver\mysql\MysqlDriver.js:269:24)
    at Connection.<anonymous> (C:\Users\illia\Desktop\GeekHub Tour-Project\tour-project-frontend\node_modules\typeorm\connection\Connection.js:110:58)
    at step (C:\Users\illia\Desktop\GeekHub Tour-Project\tour-project-frontend\node_modules\tslib\tslib.js:193:27)
[2023-03-16T20:58:11.371Z] Error: Proxy manager could not launch API server Error: Proxy manager: Failed to start API server
[2023-03-16T20:58:11.371Z] Error: Failed to start Server
[2023-03-16T20:58:15.233Z] Error: Error: INTERNAL SERVER ERROR. Proxy: Server is down
[2023-03-16T20:58:17.283Z] Error: Theme directory was not found for: @cromwell/theme-store
[2023-03-16T20:58:17.885Z] Error: Error: Could not find a production build in the 'C:\Users\illia\Desktop\GeekHub Tour-Project\tour-project-frontend\.cromwell\renderer\.next' directory. Try building your app with 'next build' before starting the production server. https://nextjs.org/docs/messages/production-start-no-build-id
[2023-03-16T20:58:17.885Z] Error: RendererManager:: failed to start Renderer
[2023-03-16T20:59:11.378Z] Error: Proxy manager watcher: API Server is not alive. Restarting...
[2023-03-16T20:59:15.544Z] Error: Server: error on launch: Error: connect ECONNREFUSED ::1:3306
    at TCPConnectWrap.afterConnect [as oncomplete] (node:net:1494:16)
    --------------------
    at Protocol._enqueue (C:\Users\illia\Desktop\GeekHub Tour-Project\tour-project-frontend\node_modules\mysql\lib\protocol\Protocol.js:144:48)
    at Protocol.handshake (C:\Users\illia\Desktop\GeekHub Tour-Project\tour-project-frontend\node_modules\mysql\lib\protocol\Protocol.js:51:23)
    at PoolConnection.connect (C:\Users\illia\Desktop\GeekHub Tour-Project\tour-project-frontend\node_modules\mysql\lib\Connection.js:116:18)
    at Pool.getConnection (C:\Users\illia\Desktop\GeekHub Tour-Project\tour-project-frontend\node_modules\mysql\lib\Pool.js:48:16)
    at C:\Users\illia\Desktop\GeekHub Tour-Project\tour-project-frontend\node_modules\typeorm\driver\mysql\MysqlDriver.js:841:18
    at new Promise (<anonymous>)
    at MysqlDriver.createPool (C:\Users\illia\Desktop\GeekHub Tour-Project\tour-project-frontend\node_modules\typeorm\driver\mysql\MysqlDriver.js:838:16)
    at MysqlDriver.<anonymous> (C:\Users\illia\Desktop\GeekHub Tour-Project\tour-project-frontend\node_modules\typeorm\driver\mysql\MysqlDriver.js:284:51)
    at step (C:\Users\illia\Desktop\GeekHub Tour-Project\tour-project-frontend\node_modules\tslib\tslib.js:193:27)
    at Object.next (C:\Users\illia\Desktop\GeekHub Tour-Project\tour-project-frontend\node_modules\tslib\tslib.js:174:57)
    at C:\Users\illia\Desktop\GeekHub Tour-Project\tour-project-frontend\node_modules\tslib\tslib.js:167:75
    at new Promise (<anonymous>)
    at Object.__awaiter (C:\Users\illia\Desktop\GeekHub Tour-Project\tour-project-frontend\node_modules\tslib\tslib.js:163:16)
    at MysqlDriver.connect (C:\Users\illia\Desktop\GeekHub Tour-Project\tour-project-frontend\node_modules\typeorm\driver\mysql\MysqlDriver.js:269:24)
    at Connection.<anonymous> (C:\Users\illia\Desktop\GeekHub Tour-Project\tour-project-frontend\node_modules\typeorm\connection\Connection.js:110:58)
    at step (C:\Users\illia\Desktop\GeekHub Tour-Project\tour-project-frontend\node_modules\tslib\tslib.js:193:27)
[2023-03-16T20:59:15.545Z] Error: Proxy manager: Failed to launch new API server Error: Proxy manager: Failed to start API server
[2023-03-16T20:59:15.547Z] Error: Failed to start Server
[2023-03-16T20:59:42.966Z] Error: Error: Could not connect to the Server. FetchError: request to http://localhost:4016/api/v1/cms/settings failed, reason: connect ECONNREFUSED ::1:4016
[2023-03-16T20:59:45.216Z] Error: Theme directory was not found for: @cromwell/theme-store
[2023-03-16T20:59:45.870Z] Error: Error: Could not find a production build in the 'C:\Users\illia\Desktop\GeekHub Tour-Project\tour-project-frontend\.cromwell\renderer\.next' directory. Try building your app with 'next build' before starting the production server. https://nextjs.org/docs/messages/production-start-no-build-id
[2023-03-16T20:59:45.870Z] Error: RendererManager:: failed to start Renderer
[2023-03-16T21:00:03.758Z] Error: Current theme @cromwell/theme-store was not registered in DB
[2023-03-16T21:05:44.865Z] Error: Server: error on launch: Error: connect ECONNREFUSED ::1:3306
    at TCPConnectWrap.afterConnect [as oncomplete] (node:net:1494:16)
    --------------------
    at Protocol._enqueue (C:\Users\illia\Desktop\GeekHub Tour-Project\tour-project-frontend\node_modules\mysql\lib\protocol\Protocol.js:144:48)
    at Protocol.handshake (C:\Users\illia\Desktop\GeekHub Tour-Project\tour-project-frontend\node_modules\mysql\lib\protocol\Protocol.js:51:23)
    at PoolConnection.connect (C:\Users\illia\Desktop\GeekHub Tour-Project\tour-project-frontend\node_modules\mysql\lib\Connection.js:116:18)
    at Pool.getConnection (C:\Users\illia\Desktop\GeekHub Tour-Project\tour-project-frontend\node_modules\mysql\lib\Pool.js:48:16)
    at C:\Users\illia\Desktop\GeekHub Tour-Project\tour-project-frontend\node_modules\typeorm\driver\mysql\MysqlDriver.js:841:18
    at new Promise (<anonymous>)
    at MysqlDriver.createPool (C:\Users\illia\Desktop\GeekHub Tour-Project\tour-project-frontend\node_modules\typeorm\driver\mysql\MysqlDriver.js:838:16)
    at MysqlDriver.<anonymous> (C:\Users\illia\Desktop\GeekHub Tour-Project\tour-project-frontend\node_modules\typeorm\driver\mysql\MysqlDriver.js:284:51)
    at step (C:\Users\illia\Desktop\GeekHub Tour-Project\tour-project-frontend\node_modules\tslib\tslib.js:193:27)
    at Object.next (C:\Users\illia\Desktop\GeekHub Tour-Project\tour-project-frontend\node_modules\tslib\tslib.js:174:57)
    at C:\Users\illia\Desktop\GeekHub Tour-Project\tour-project-frontend\node_modules\tslib\tslib.js:167:75
    at new Promise (<anonymous>)
    at Object.__awaiter (C:\Users\illia\Desktop\GeekHub Tour-Project\tour-project-frontend\node_modules\tslib\tslib.js:163:16)
    at MysqlDriver.connect (C:\Users\illia\Desktop\GeekHub Tour-Project\tour-project-frontend\node_modules\typeorm\driver\mysql\MysqlDriver.js:269:24)
    at Connection.<anonymous> (C:\Users\illia\Desktop\GeekHub Tour-Project\tour-project-frontend\node_modules\typeorm\connection\Connection.js:110:58)
    at step (C:\Users\illia\Desktop\GeekHub Tour-Project\tour-project-frontend\node_modules\tslib\tslib.js:193:27)
[2023-03-16T21:05:44.870Z] Error: Proxy manager could not launch API server Error: Proxy manager: Failed to start API server
[2023-03-16T21:05:44.875Z] Error: Failed to start Server
[2023-03-16T21:05:50.631Z] Error: Error: INTERNAL SERVER ERROR. Proxy: Server is down
[2023-03-16T21:05:52.564Z] Error: Theme directory was not found for: @cromwell/theme-store
[2023-03-16T21:05:54.099Z] Error: Error: Could not find a production build in the 'C:\Users\illia\Desktop\GeekHub Tour-Project\tour-project-frontend\.cromwell\renderer\.next' directory. Try building your app with 'next build' before starting the production server. https://nextjs.org/docs/messages/production-start-no-build-id
[2023-03-16T21:05:54.100Z] Error: RendererManager:: failed to start Renderer
[2023-03-16T21:06:44.885Z] Error: Proxy manager watcher: API Server is not alive. Restarting...
[2023-03-16T21:06:47.968Z] Error: Server: error on launch: Error: connect ECONNREFUSED ::1:3306
    at TCPConnectWrap.afterConnect [as oncomplete] (node:net:1494:16)
    --------------------
    at Protocol._enqueue (C:\Users\illia\Desktop\GeekHub Tour-Project\tour-project-frontend\node_modules\mysql\lib\protocol\Protocol.js:144:48)
    at Protocol.handshake (C:\Users\illia\Desktop\GeekHub Tour-Project\tour-project-frontend\node_modules\mysql\lib\protocol\Protocol.js:51:23)
    at PoolConnection.connect (C:\Users\illia\Desktop\GeekHub Tour-Project\tour-project-frontend\node_modules\mysql\lib\Connection.js:116:18)
    at Pool.getConnection (C:\Users\illia\Desktop\GeekHub Tour-Project\tour-project-frontend\node_modules\mysql\lib\Pool.js:48:16)
    at C:\Users\illia\Desktop\GeekHub Tour-Project\tour-project-frontend\node_modules\typeorm\driver\mysql\MysqlDriver.js:841:18
    at new Promise (<anonymous>)
    at MysqlDriver.createPool (C:\Users\illia\Desktop\GeekHub Tour-Project\tour-project-frontend\node_modules\typeorm\driver\mysql\MysqlDriver.js:838:16)
    at MysqlDriver.<anonymous> (C:\Users\illia\Desktop\GeekHub Tour-Project\tour-project-frontend\node_modules\typeorm\driver\mysql\MysqlDriver.js:284:51)
    at step (C:\Users\illia\Desktop\GeekHub Tour-Project\tour-project-frontend\node_modules\tslib\tslib.js:193:27)
    at Object.next (C:\Users\illia\Desktop\GeekHub Tour-Project\tour-project-frontend\node_modules\tslib\tslib.js:174:57)
    at C:\Users\illia\Desktop\GeekHub Tour-Project\tour-project-frontend\node_modules\tslib\tslib.js:167:75
    at new Promise (<anonymous>)
    at Object.__awaiter (C:\Users\illia\Desktop\GeekHub Tour-Project\tour-project-frontend\node_modules\tslib\tslib.js:163:16)
    at MysqlDriver.connect (C:\Users\illia\Desktop\GeekHub Tour-Project\tour-project-frontend\node_modules\typeorm\driver\mysql\MysqlDriver.js:269:24)
    at Connection.<anonymous> (C:\Users\illia\Desktop\GeekHub Tour-Project\tour-project-frontend\node_modules\typeorm\connection\Connection.js:110:58)
    at step (C:\Users\illia\Desktop\GeekHub Tour-Project\tour-project-frontend\node_modules\tslib\tslib.js:193:27)
[2023-03-16T21:06:47.970Z] Error: Proxy manager: Failed to launch new API server Error: Proxy manager: Failed to start API server
[2023-03-16T21:06:47.971Z] Error: Failed to start Server
[2023-03-16T21:07:47.972Z] Error: Proxy manager watcher: API Server is not alive. Restarting...
[2023-03-16T21:09:46.035Z] Error: Server: error on launch: Error: connect ECONNREFUSED ::1:3306
    at TCPConnectWrap.afterConnect [as oncomplete] (node:net:1494:16)
    --------------------
    at Protocol._enqueue (C:\Users\illia\Desktop\GeekHub Tour-Project\tour-project-frontend\node_modules\mysql\lib\protocol\Protocol.js:144:48)
    at Protocol.handshake (C:\Users\illia\Desktop\GeekHub Tour-Project\tour-project-frontend\node_modules\mysql\lib\protocol\Protocol.js:51:23)
    at PoolConnection.connect (C:\Users\illia\Desktop\GeekHub Tour-Project\tour-project-frontend\node_modules\mysql\lib\Connection.js:116:18)
    at Pool.getConnection (C:\Users\illia\Desktop\GeekHub Tour-Project\tour-project-frontend\node_modules\mysql\lib\Pool.js:48:16)
    at C:\Users\illia\Desktop\GeekHub Tour-Project\tour-project-frontend\node_modules\typeorm\driver\mysql\MysqlDriver.js:841:18
    at new Promise (<anonymous>)
    at MysqlDriver.createPool (C:\Users\illia\Desktop\GeekHub Tour-Project\tour-project-frontend\node_modules\typeorm\driver\mysql\MysqlDriver.js:838:16)
    at MysqlDriver.<anonymous> (C:\Users\illia\Desktop\GeekHub Tour-Project\tour-project-frontend\node_modules\typeorm\driver\mysql\MysqlDriver.js:284:51)
    at step (C:\Users\illia\Desktop\GeekHub Tour-Project\tour-project-frontend\node_modules\tslib\tslib.js:193:27)
    at Object.next (C:\Users\illia\Desktop\GeekHub Tour-Project\tour-project-frontend\node_modules\tslib\tslib.js:174:57)
    at C:\Users\illia\Desktop\GeekHub Tour-Project\tour-project-frontend\node_modules\tslib\tslib.js:167:75
    at new Promise (<anonymous>)
    at Object.__awaiter (C:\Users\illia\Desktop\GeekHub Tour-Project\tour-project-frontend\node_modules\tslib\tslib.js:163:16)
    at MysqlDriver.connect (C:\Users\illia\Desktop\GeekHub Tour-Project\tour-project-frontend\node_modules\typeorm\driver\mysql\MysqlDriver.js:269:24)
    at Connection.<anonymous> (C:\Users\illia\Desktop\GeekHub Tour-Project\tour-project-frontend\node_modules\typeorm\connection\Connection.js:110:58)
    at step (C:\Users\illia\Desktop\GeekHub Tour-Project\tour-project-frontend\node_modules\tslib\tslib.js:193:27)
[2023-03-16T21:09:46.040Z] Error: Proxy manager could not launch API server Error: Proxy manager: Failed to start API server
[2023-03-16T21:09:46.044Z] Error: Failed to start Server
[2023-03-16T21:09:49.498Z] Error: Error: Could not connect to the Server. FetchError: request to http://localhost:4128/api/v1/cms/settings failed, reason: connect ECONNREFUSED ::1:4128
[2023-03-16T21:09:51.420Z] Error: Theme directory was not found for: @cromwell/theme-store
[2023-03-16T21:09:54.611Z] Error: Error: Could not find a production build in the 'C:\Users\illia\Desktop\GeekHub Tour-Project\tour-project-frontend\.cromwell\renderer\.next' directory. Try building your app with 'next build' before starting the production server. https://nextjs.org/docs/messages/production-start-no-build-id
[2023-03-16T21:09:54.611Z] Error: RendererManager:: failed to start Renderer
[2023-03-16T21:10:46.049Z] Error: Proxy manager watcher: API Server is not alive. Restarting...
[2023-03-16T21:10:49.264Z] Error: Server: error on launch: Error: connect ECONNREFUSED ::1:4128
    at TCPConnectWrap.afterConnect [as oncomplete] (node:net:1494:16)
    --------------------
    at Protocol._enqueue (C:\Users\illia\Desktop\GeekHub Tour-Project\tour-project-frontend\node_modules\mysql\lib\protocol\Protocol.js:144:48)
    at Protocol.handshake (C:\Users\illia\Desktop\GeekHub Tour-Project\tour-project-frontend\node_modules\mysql\lib\protocol\Protocol.js:51:23)
    at PoolConnection.connect (C:\Users\illia\Desktop\GeekHub Tour-Project\tour-project-frontend\node_modules\mysql\lib\Connection.js:116:18)
    at Pool.getConnection (C:\Users\illia\Desktop\GeekHub Tour-Project\tour-project-frontend\node_modules\mysql\lib\Pool.js:48:16)
    at C:\Users\illia\Desktop\GeekHub Tour-Project\tour-project-frontend\node_modules\typeorm\driver\mysql\MysqlDriver.js:841:18
    at new Promise (<anonymous>)
    at MysqlDriver.createPool (C:\Users\illia\Desktop\GeekHub Tour-Project\tour-project-frontend\node_modules\typeorm\driver\mysql\MysqlDriver.js:838:16)
    at MysqlDriver.<anonymous> (C:\Users\illia\Desktop\GeekHub Tour-Project\tour-project-frontend\node_modules\typeorm\driver\mysql\MysqlDriver.js:284:51)
    at step (C:\Users\illia\Desktop\GeekHub Tour-Project\tour-project-frontend\node_modules\tslib\tslib.js:193:27)
    at Object.next (C:\Users\illia\Desktop\GeekHub Tour-Project\tour-project-frontend\node_modules\tslib\tslib.js:174:57)
    at C:\Users\illia\Desktop\GeekHub Tour-Project\tour-project-frontend\node_modules\tslib\tslib.js:167:75
    at new Promise (<anonymous>)
    at Object.__awaiter (C:\Users\illia\Desktop\GeekHub Tour-Project\tour-project-frontend\node_modules\tslib\tslib.js:163:16)
    at MysqlDriver.connect (C:\Users\illia\Desktop\GeekHub Tour-Project\tour-project-frontend\node_modules\typeorm\driver\mysql\MysqlDriver.js:269:24)
    at Connection.<anonymous> (C:\Users\illia\Desktop\GeekHub Tour-Project\tour-project-frontend\node_modules\typeorm\connection\Connection.js:110:58)
    at step (C:\Users\illia\Desktop\GeekHub Tour-Project\tour-project-frontend\node_modules\tslib\tslib.js:193:27)
[2023-03-16T21:10:49.265Z] Error: Failed to start Server
[2023-03-16T21:10:49.265Z] Error: Proxy manager: Failed to launch new API server Error: Proxy manager: Failed to start API server
[2023-03-16T21:11:49.277Z] Error: Proxy manager watcher: API Server is not alive. Restarting...
[2023-03-16T21:11:57.859Z] Error: Proxy manager: Failed to kill old API server at undefined Error: invalid port: undefined
[2023-03-16T21:16:16.797Z] Error: Error: Could not connect to the Server. FetchError: request to http://localhost:4128/api/v1/cms/settings failed, reason: connect ECONNREFUSED ::1:4128
[2023-03-16T21:16:18.617Z] Error: Theme directory was not found for: @cromwell/theme-store
[2023-03-16T21:16:19.201Z] Error: Error: Could not find a production build in the 'C:\Users\illia\Desktop\GeekHub Tour-Project\tour-project-frontend\.cromwell\renderer\.next' directory. Try building your app with 'next build' before starting the production server. https://nextjs.org/docs/messages/production-start-no-build-id
[2023-03-16T21:16:19.201Z] Error: RendererManager:: failed to start Renderer
